# JRE version: Java(TM) SE Runtime Environment (7.0_45-b18) (build 1.7.0_45-b18)
# Java VM: Java HotSpot(TM) 64-Bit Server VM (24.45-b08 mixed mode windows-amd64 compressed oops)
Heap
 PSYoungGen      total 111616K, used 108888K [0x00000000eaa80000, 0x00000000f9480000, 0x0000000100000000)
  eden space 98816K, 97% used [0x00000000eaa80000,0x00000000f085dcc0,0x00000000f0b00000)
  from space 12800K, 99% used [0x00000000f0b00000,0x00000000f1778718,0x00000000f1780000)
  to   space 20992K, 0% used [0x00000000f8000000,0x00000000f8000000,0x00000000f9480000)
 ParOldGen       total 64000K, used 34081K [0x00000000c0000000, 0x00000000c3e80000, 0x00000000eaa80000)
  object space 64000K, 53% used [0x00000000c0000000,0x00000000c2148530,0x00000000c3e80000)
 PSPermGen       total 21504K, used 5499K [0x00000000bae00000, 0x00000000bc300000, 0x00000000c0000000)
  object space 21504K, 25% used [0x00000000bae00000,0x00000000bb35ef18,0x00000000bc300000)
GC Heap History (10 events):
Event: 6.050 GC heap before
{Heap before GC invocations=3 (full 0):
 PSYoungGen      total 28672K, used 28656K [0x00000000eaa80000, 0x00000000ee280000, 0x0000000100000000)
  eden space 25088K, 100% used [0x00000000eaa80000,0x00000000ec300000,0x00000000ec300000)
  from space 3584K, 99% used [0x00000000ec680000,0x00000000ec9fc2d8,0x00000000eca00000)
  to   space 3584K, 0% used [0x00000000ec300000,0x00000000ec300000,0x00000000ec680000)
 ParOldGen       total 64000K, used 5241K [0x00000000c0000000, 0x00000000c3e80000, 0x00000000eaa80000)
  object space 64000K, 8% used [0x00000000c0000000,0x00000000c051e6d8,0x00000000c3e80000)
 PSPermGen       total 21504K, used 5330K [0x00000000bae00000, 0x00000000bc300000, 0x00000000c0000000)
  object space 21504K, 24% used [0x00000000bae00000,0x00000000bb334aa8,0x00000000bc300000)
Event: 6.087 GC heap after
Heap after GC invocations=3 (full 0):
 PSYoungGen      total 28672K, used 3584K [0x00000000eaa80000, 0x00000000ee280000, 0x0000000100000000)
  eden space 25088K, 0% used [0x00000000eaa80000,0x00000000eaa80000,0x00000000ec300000)
  from space 3584K, 100% used [0x00000000ec300000,0x00000000ec680000,0x00000000ec680000)
  to   space 3584K, 0% used [0x00000000edf00000,0x00000000edf00000,0x00000000ee280000)
 ParOldGen       total 64000K, used 9369K [0x00000000c0000000, 0x00000000c3e80000, 0x00000000eaa80000)
  object space 64000K, 14% used [0x00000000c0000000,0x00000000c0926658,0x00000000c3e80000)
 PSPermGen       total 21504K, used 5330K [0x00000000bae00000, 0x00000000bc300000, 0x00000000c0000000)
  object space 21504K, 24% used [0x00000000bae00000,0x00000000bb334aa8,0x00000000bc300000)
}
Event: 6.459 GC heap before
{Heap before GC invocations=4 (full 0):
 PSYoungGen      total 28672K, used 28672K [0x00000000eaa80000, 0x00000000ee280000, 0x0000000100000000)
  eden space 25088K, 100% used [0x00000000eaa80000,0x00000000ec300000,0x00000000ec300000)
  from space 3584K, 100% used [0x00000000ec300000,0x00000000ec680000,0x00000000ec680000)
  to   space 3584K, 0% used [0x00000000edf00000,0x00000000edf00000,0x00000000ee280000)
 ParOldGen       total 64000K, used 9369K [0x00000000c0000000, 0x00000000c3e80000, 0x00000000eaa80000)
  object space 64000K, 14% used [0x00000000c0000000,0x00000000c0926658,0x00000000c3e80000)
 PSPermGen       total 21504K, used 5354K [0x00000000bae00000, 0x00000000bc300000, 0x00000000c0000000)
  object space 21504K, 24% used [0x00000000bae00000,0x00000000bb33aa48,0x00000000bc300000)
Event: 6.491 GC heap after
Heap after GC invocations=4 (full 0):
 PSYoungGen      total 53760K, used 3584K [0x00000000eaa80000, 0x00000000ee280000, 0x0000000100000000)
  eden space 50176K, 0% used [0x00000000eaa80000,0x00000000eaa80000,0x00000000edb80000)
  from space 3584K, 100% used [0x00000000edf00000,0x00000000ee280000,0x00000000ee280000)
  to   space 3584K, 0% used [0x00000000edb80000,0x00000000edb80000,0x00000000edf00000)
 ParOldGen       total 64000K, used 13093K [0x00000000c0000000, 0x00000000c3e80000, 0x00000000eaa80000)
  object space 64000K, 20% used [0x00000000c0000000,0x00000000c0cc9400,0x00000000c3e80000)
 PSPermGen       total 21504K, used 5354K [0x00000000bae00000, 0x00000000bc300000, 0x00000000c0000000)
  object space 21504K, 24% used [0x00000000bae00000,0x00000000bb33aa48,0x00000000bc300000)
}
Event: 7.914 GC heap before
{Heap before GC invocations=5 (full 0):
 PSYoungGen      total 53760K, used 53760K [0x00000000eaa80000, 0x00000000ee280000, 0x0000000100000000)
  eden space 50176K, 100% used [0x00000000eaa80000,0x00000000edb80000,0x00000000edb80000)
  from space 3584K, 100% used [0x00000000edf00000,0x00000000ee280000,0x00000000ee280000)
  to   space 3584K, 0% used [0x00000000edb80000,0x00000000edb80000,0x00000000edf00000)
 ParOldGen       total 64000K, used 13093K [0x00000000c0000000, 0x00000000c3e80000, 0x00000000eaa80000)
  object space 64000K, 20% used [0x00000000c0000000,0x00000000c0cc9400,0x00000000c3e80000)
 PSPermGen       total 21504K, used 5384K [0x00000000bae00000, 0x00000000bc300000, 0x00000000c0000000)
  object space 21504K, 25% used [0x00000000bae00000,0x00000000bb3420c8,0x00000000bc300000)
Event: 7.973 GC heap after
Heap after GC invocations=5 (full 0):
 PSYoungGen      total 53760K, used 3577K [0x00000000eaa80000, 0x00000000f2280000, 0x0000000100000000)
  eden space 50176K, 0% used [0x00000000eaa80000,0x00000000eaa80000,0x00000000edb80000)
  from space 3584K, 99% used [0x00000000edb80000,0x00000000edefe650,0x00000000edf00000)
  to   space 11264K, 0% used [0x00000000f1780000,0x00000000f1780000,0x00000000f2280000)
 ParOldGen       total 64000K, used 21022K [0x00000000c0000000, 0x00000000c3e80000, 0x00000000eaa80000)
  object space 64000K, 32% used [0x00000000c0000000,0x00000000c1487a70,0x00000000c3e80000)
 PSPermGen       total 21504K, used 5384K [0x00000000bae00000, 0x00000000bc300000, 0x00000000c0000000)
  object space 21504K, 25% used [0x00000000bae00000,0x00000000bb3420c8,0x00000000bc300000)
}
Event: 9.429 GC heap before
{Heap before GC invocations=6 (full 0):
 PSYoungGen      total 53760K, used 53753K [0x00000000eaa80000, 0x00000000f2280000, 0x0000000100000000)
  eden space 50176K, 100% used [0x00000000eaa80000,0x00000000edb80000,0x00000000edb80000)
  from space 3584K, 99% used [0x00000000edb80000,0x00000000edefe650,0x00000000edf00000)
  to   space 11264K, 0% used [0x00000000f1780000,0x00000000f1780000,0x00000000f2280000)
 ParOldGen       total 64000K, used 21022K [0x00000000c0000000, 0x00000000c3e80000, 0x00000000eaa80000)
  object space 64000K, 32% used [0x00000000c0000000,0x00000000c1487a70,0x00000000c3e80000)
 PSPermGen       total 21504K, used 5411K [0x00000000bae00000, 0x00000000bc300000, 0x00000000c0000000)
  object space 21504K, 25% used [0x00000000bae00000,0x00000000bb348fd8,0x00000000bc300000)
Event: 9.578 GC heap after
Heap after GC invocations=6 (full 0):
 PSYoungGen      total 110080K, used 10818K [0x00000000eaa80000, 0x00000000f2580000, 0x0000000100000000)
  eden space 98816K, 0% used [0x00000000eaa80000,0x00000000eaa80000,0x00000000f0b00000)
  from space 11264K, 96% used [0x00000000f1780000,0x00000000f2210870,0x00000000f2280000)
  to   space 12800K, 0% used [0x00000000f0b00000,0x00000000f0b00000,0x00000000f1780000)
 ParOldGen       total 64000K, used 21022K [0x00000000c0000000, 0x00000000c3e80000, 0x00000000eaa80000)
  object space 64000K, 32% used [0x00000000c0000000,0x00000000c1487a70,0x00000000c3e80000)
 PSPermGen       total 21504K, used 5411K [0x00000000bae00000, 0x00000000bc300000, 0x00000000c0000000)
  object space 21504K, 25% used [0x00000000bae00000,0x00000000bb348fd8,0x00000000bc300000)
}
Event: 12.553 GC heap before
{Heap before GC invocations=7 (full 0):
 PSYoungGen      total 110080K, used 109634K [0x00000000eaa80000, 0x00000000f2580000, 0x0000000100000000)
  eden space 98816K, 100% used [0x00000000eaa80000,0x00000000f0b00000,0x00000000f0b00000)
  from space 11264K, 96% used [0x00000000f1780000,0x00000000f2210870,0x00000000f2280000)
  to   space 12800K, 0% used [0x00000000f0b00000,0x00000000f0b00000,0x00000000f1780000)
 ParOldGen       total 64000K, used 21022K [0x00000000c0000000, 0x00000000c3e80000, 0x00000000eaa80000)
  object space 64000K, 32% used [0x00000000c0000000,0x00000000c1487a70,0x00000000c3e80000)
 PSPermGen       total 21504K, used 5430K [0x00000000bae00000, 0x00000000bc300000, 0x00000000c0000000)
  object space 21504K, 25% used [0x00000000bae00000,0x00000000bb34da58,0x00000000bc300000)
Event: 12.699 GC heap after
Heap after GC invocations=7 (full 0):
 PSYoungGen      total 111616K, used 12769K [0x00000000eaa80000, 0x00000000f9480000, 0x0000000100000000)
  eden space 98816K, 0% used [0x00000000eaa80000,0x00000000eaa80000,0x00000000f0b00000)
  from space 12800K, 99% used [0x00000000f0b00000,0x00000000f1778718,0x00000000f1780000)
  to   space 20992K, 0% used [0x00000000f8000000,0x00000000f8000000,0x00000000f9480000)
 ParOldGen       total 64000K, used 34081K [0x00000000c0000000, 0x00000000c3e80000, 0x00000000eaa80000)
  object space 64000K, 53% used [0x00000000c0000000,0x00000000c2148530,0x00000000c3e80000)
 PSPermGen       total 21504K, used 5430K [0x00000000bae00000, 0x00000000bc300000, 0x00000000c0000000)
  object space 21504K, 25% used [0x00000000bae00000,0x00000000bb34da58,0x00000000bc300000)
}

